#-----------------------------------------------------------
# Vivado v2025.2 (64-bit)
# SW Build 6299465 on Fri Nov 14 19:35:11 GMT 2025
# IP Build 6300035 on Fri Nov 14 10:48:45 MST 2025
# SharedData Build 6298862 on Thu Nov 13 04:50:51 MST 2025
# Start of session at: Sun Feb 22 12:00:20 2026
# Process ID         : 25844
# Current directory  : C:/Users/olive/OneDrive/Dokumenter/GitHub/62711-Design-of-digital-systems/project_1
# Command line       : vivado.exe -gui_launcher_event rodinguilauncherevent33128 C:\Users\olive\OneDrive\Dokumenter\GitHub\62711-Design-of-digital-systems\project_1\project_1.xpr
# Log file           : C:/Users/olive/OneDrive/Dokumenter/GitHub/62711-Design-of-digital-systems/project_1/vivado.log
# Journal file       : C:/Users/olive/OneDrive/Dokumenter/GitHub/62711-Design-of-digital-systems/project_1\vivado.jou
# Running On         : Oliver-PC
# Platform           : Windows Server 2016 or Windows 10
# Operating System   : 26100
# Processor Detail   : 13th Gen Intel(R) Core(TM) i7-13620H
# CPU Frequency      : 2918 MHz
# CPU Physical cores : 10
# CPU Logical cores  : 16
# Host memory        : 25414 MB
# Swap memory        : 9126 MB
# Total Virtual      : 34541 MB
# Available Virtual  : 15165 MB
#-----------------------------------------------------------
start_gui
open_project C:/Users/olive/OneDrive/Dokumenter/GitHub/62711-Design-of-digital-systems/project_1/project_1.xpr
INFO: [ProjectBase 1-489] The host OS only allows 260 characters in a normal path. The project is stored in a path with more than 80 characters. If you experience issues with IP, Block Designs, or files not being found, please consider moving the project to a location with a shorter path. Alternately consider using the OS subst command to map part of the path to a drive letter.
Current project path is 'C:/Users/olive/OneDrive/Dokumenter/GitHub/62711-Design-of-digital-systems/project_1'
WARNING: [Board 49-26] cannot add Board Part xilinx.com:vrk160:part0:1.0 available at C:/AMDDesignTools/2025.2/data/xhub/boards\XilinxBoardStore\boards\Xilinx\vrk160\1.0\board.xml as part xcvr1602-vsva2488-2mp-e-s-es1 specified in board_part file is either invalid or not available
WARNING: [Board 49-26] cannot add Board Part xilinx.com:vrk160:part0:1.1 available at C:/AMDDesignTools/2025.2/data/xhub/boards\XilinxBoardStore\boards\Xilinx\vrk160\1.1\board.xml as part xcvr1602-vsva2488-2mp-e-s-es1 specified in board_part file is either invalid or not available
WARNING: [Board 49-26] cannot add Board Part xilinx.com:zcu208ld:part0:2.0 available at C:/AMDDesignTools/2025.2/data/xhub/boards\XilinxBoardStore\boards\Xilinx\zcu208ld\production\2.0\board.xml as part xczu58dr-fsvg1517-2-i specified in board_part file is either invalid or not available
WARNING: [Board 49-26] cannot add Board Part xilinx.com:zcu216ld:part0:2.0 available at C:/AMDDesignTools/2025.2/data/xhub/boards\XilinxBoardStore\boards\Xilinx\zcu216ld\production\2.0\board.xml as part xczu59dr-ffvf1760-2-i specified in board_part file is either invalid or not available
WARNING: [Board 49-26] cannot add Board Part xilinx.com:zcu670ld:part0:1.0 available at C:/AMDDesignTools/2025.2/data/xhub/boards\XilinxBoardStore\boards\Xilinx\zcu670ld\1.0\board.xml as part xczu57dr-fsve1156-2-i specified in board_part file is either invalid or not available
INFO: [filemgmt 56-3] Default IP Output Path : Could not find the directory 'C:/Users/olive/OneDrive/Dokumenter/GitHub/62711-Design-of-digital-systems/project_1/project_1.gen/sources_1'.
WARNING: [filemgmt 56-3] IPUserFilesDir: Could not find the directory 'C:/Users/olive/OneDrive/Dokumenter/GitHub/62711-Design-of-digital-systems/project_1/project_1.ip_user_files'.
CRITICAL WARNING: [Project 1-19] Could not find the file 'C:/Users/olive/OneDrive/Downloads/Nexys-4-DDR-Master.xdc'.
Scanning sources...
Finished scanning sources
WARNING: [Board 49-26] cannot add Board Part xilinx.com:vrk160:part0:1.0 available at C:/AMDDesignTools/2025.2/data/xhub/boards\XilinxBoardStore\boards\Xilinx\vrk160\1.0\board.xml as part xcvr1602-vsva2488-2mp-e-s-es1 specified in board_part file is either invalid or not available
WARNING: [Board 49-26] cannot add Board Part xilinx.com:vrk160:part0:1.1 available at C:/AMDDesignTools/2025.2/data/xhub/boards\XilinxBoardStore\boards\Xilinx\vrk160\1.1\board.xml as part xcvr1602-vsva2488-2mp-e-s-es1 specified in board_part file is either invalid or not available
WARNING: [Board 49-26] cannot add Board Part xilinx.com:zcu208ld:part0:2.0 available at C:/AMDDesignTools/2025.2/data/xhub/boards\XilinxBoardStore\boards\Xilinx\zcu208ld\production\2.0\board.xml as part xczu58dr-fsvg1517-2-i specified in board_part file is either invalid or not available
WARNING: [Board 49-26] cannot add Board Part xilinx.com:zcu216ld:part0:2.0 available at C:/AMDDesignTools/2025.2/data/xhub/boards\XilinxBoardStore\boards\Xilinx\zcu216ld\production\2.0\board.xml as part xczu59dr-ffvf1760-2-i specified in board_part file is either invalid or not available
WARNING: [Board 49-26] cannot add Board Part xilinx.com:zcu670ld:part0:1.0 available at C:/AMDDesignTools/2025.2/data/xhub/boards\XilinxBoardStore\boards\Xilinx\zcu670ld\1.0\board.xml as part xczu57dr-fsve1156-2-i specified in board_part file is either invalid or not available
WARNING: [Project 1-5713] Board part '' set for the project  is not found. BoardPart property will be unset. Please select board from latest repo build 
INFO: [IP_Flow 19-234] Refreshing IP repositories
INFO: [IP_Flow 19-1704] No user IP repositories specified
INFO: [IP_Flow 19-2313] Loaded Vivado IP repository 'C:/AMDDesignTools/2025.2/Vivado/data/ip'.
open_project: Time (s): cpu = 00:00:13 ; elapsed = 00:00:05 . Memory (MB): peak = 1800.828 ; gain = 186.195
update_compile_order -fileset sources_1
WARNING: [filemgmt 56-199] Attempt to get parsing info during refresh. "On-the-fly" syntax checking information may be incorrect. [C:\Users\olive\OneDrive\Dokumenter\GitHub\62711-Design-of-digital-systems\project_1\project_1.srcs\sources_1\new\ALU.vhd:]
WARNING: [filemgmt 56-199] Attempt to get parsing info during refresh. "On-the-fly" syntax checking information may be incorrect. [C:\Users\olive\OneDrive\Dokumenter\GitHub\62711-Design-of-digital-systems\project_1\project_1.srcs\sources_1\new\Arith_Circ.vhd:]
WARNING: [filemgmt 56-199] Attempt to get parsing info during refresh. "On-the-fly" syntax checking information may be incorrect. [C:\Users\olive\OneDrive\Dokumenter\GitHub\62711-Design-of-digital-systems\project_1\project_1.srcs\sources_1\new\ALU.vhd:]
WARNING: [filemgmt 56-199] Attempt to get parsing info during refresh. "On-the-fly" syntax checking information may be incorrect. [C:\Users\olive\OneDrive\Dokumenter\GitHub\62711-Design-of-digital-systems\project_1\project_1.srcs\sources_1\new\ALU.vhd:]
WARNING: [filemgmt 56-199] Attempt to get parsing info during refresh. "On-the-fly" syntax checking information may be incorrect. [C:\Users\olive\OneDrive\Dokumenter\GitHub\62711-Design-of-digital-systems\project_1\project_1.srcs\sources_1\new\ALU.vhd:]
WARNING: [filemgmt 56-199] Attempt to get parsing info during refresh. "On-the-fly" syntax checking information may be incorrect. [C:\Users\olive\OneDrive\Dokumenter\GitHub\62711-Design-of-digital-systems\project_1\project_1.srcs\sources_1\new\Arith_Circ.vhd:]
WARNING: [filemgmt 56-199] Attempt to get parsing info during refresh. "On-the-fly" syntax checking information may be incorrect. [C:\Users\olive\OneDrive\Dokumenter\GitHub\62711-Design-of-digital-systems\project_1\project_1.srcs\sources_1\new\Arith_Circ.vhd:]
WARNING: [filemgmt 56-199] Attempt to get parsing info during refresh. "On-the-fly" syntax checking information may be incorrect. [C:\Users\olive\OneDrive\Dokumenter\GitHub\62711-Design-of-digital-systems\project_1\project_1.srcs\sources_1\new\Arith_Circ.vhd:]
ERROR: [Common 17-180] Spawn failed: Handlingen er gennemført.

WARNING: [filemgmt 56-199] Attempt to get parsing info during refresh. "On-the-fly" syntax checking information may be incorrect. [C:\Users\olive\OneDrive\Dokumenter\GitHub\62711-Design-of-digital-systems\project_1\project_1.srcs\sources_1\new\ALU.vhd:]
WARNING: [filemgmt 56-199] Attempt to get parsing info during refresh. "On-the-fly" syntax checking information may be incorrect. [C:\Users\olive\OneDrive\Dokumenter\GitHub\62711-Design-of-digital-systems\project_1\project_1.srcs\sources_1\new\Arith_Circ.vhd:]
WARNING: [filemgmt 56-199] Attempt to get parsing info during refresh. "On-the-fly" syntax checking information may be incorrect. [C:\Users\olive\OneDrive\Dokumenter\GitHub\62711-Design-of-digital-systems\project_1\project_1.srcs\sources_1\new\ALU.vhd:]
WARNING: [filemgmt 56-199] Attempt to get parsing info during refresh. "On-the-fly" syntax checking information may be incorrect. [C:\Users\olive\OneDrive\Dokumenter\GitHub\62711-Design-of-digital-systems\project_1\project_1.srcs\sources_1\new\ALU.vhd:]
WARNING: [filemgmt 56-199] Attempt to get parsing info during refresh. "On-the-fly" syntax checking information may be incorrect. [C:\Users\olive\OneDrive\Dokumenter\GitHub\62711-Design-of-digital-systems\project_1\project_1.srcs\sources_1\new\ALU.vhd:]
WARNING: [filemgmt 56-199] Attempt to get parsing info during refresh. "On-the-fly" syntax checking information may be incorrect. [C:\Users\olive\OneDrive\Dokumenter\GitHub\62711-Design-of-digital-systems\project_1\project_1.srcs\sources_1\new\Arith_Circ.vhd:]
WARNING: [filemgmt 56-199] Attempt to get parsing info during refresh. "On-the-fly" syntax checking information may be incorrect. [C:\Users\olive\OneDrive\Dokumenter\GitHub\62711-Design-of-digital-systems\project_1\project_1.srcs\sources_1\new\Arith_Circ.vhd:]
WARNING: [filemgmt 56-199] Attempt to get parsing info during refresh. "On-the-fly" syntax checking information may be incorrect. [C:\Users\olive\OneDrive\Dokumenter\GitHub\62711-Design-of-digital-systems\project_1\project_1.srcs\sources_1\new\Arith_Circ.vhd:]
ERROR: [Common 17-180] Spawn failed: Handlingen er gennemført.

WARNING: [filemgmt 56-199] Attempt to get parsing info during refresh. "On-the-fly" syntax checking information may be incorrect. [C:\Users\olive\OneDrive\Dokumenter\GitHub\62711-Design-of-digital-systems\project_1\project_1.srcs\sources_1\new\ALU.vhd:]
WARNING: [filemgmt 56-199] Attempt to get parsing info during refresh. "On-the-fly" syntax checking information may be incorrect. [C:\Users\olive\OneDrive\Dokumenter\GitHub\62711-Design-of-digital-systems\project_1\project_1.srcs\sources_1\new\Arith_Circ.vhd:]
WARNING: [filemgmt 56-199] Attempt to get parsing info during refresh. "On-the-fly" syntax checking information may be incorrect. [C:\Users\olive\OneDrive\Dokumenter\GitHub\62711-Design-of-digital-systems\project_1\project_1.srcs\sources_1\new\Arith_Circ.vhd:]
WARNING: [filemgmt 56-199] Attempt to get parsing info during refresh. "On-the-fly" syntax checking information may be incorrect. [C:\Users\olive\OneDrive\Dokumenter\GitHub\62711-Design-of-digital-systems\project_1\project_1.srcs\sources_1\new\Arith_Circ.vhd:]
ERROR: [Common 17-180] Spawn failed: Handlingen er gennemført.

WARNING: [filemgmt 56-199] Attempt to get parsing info during refresh. "On-the-fly" syntax checking information may be incorrect. [C:\Users\olive\OneDrive\Dokumenter\GitHub\62711-Design-of-digital-systems\project_1\project_1.srcs\sources_1\new\ALU.vhd:]
WARNING: [filemgmt 56-199] Attempt to get parsing info during refresh. "On-the-fly" syntax checking information may be incorrect. [C:\Users\olive\OneDrive\Dokumenter\GitHub\62711-Design-of-digital-systems\project_1\project_1.srcs\sources_1\new\Arith_Circ.vhd:]
WARNING: [filemgmt 56-199] Attempt to get parsing info during refresh. "On-the-fly" syntax checking information may be incorrect. [C:\Users\olive\OneDrive\Dokumenter\GitHub\62711-Design-of-digital-systems\project_1\project_1.srcs\sources_1\new\ALU.vhd:]
WARNING: [filemgmt 56-199] Attempt to get parsing info during refresh. "On-the-fly" syntax checking information may be incorrect. [C:\Users\olive\OneDrive\Dokumenter\GitHub\62711-Design-of-digital-systems\project_1\project_1.srcs\sources_1\new\ALU.vhd:]
WARNING: [filemgmt 56-199] Attempt to get parsing info during refresh. "On-the-fly" syntax checking information may be incorrect. [C:\Users\olive\OneDrive\Dokumenter\GitHub\62711-Design-of-digital-systems\project_1\project_1.srcs\sources_1\new\ALU.vhd:]
WARNING: [filemgmt 56-199] Attempt to get parsing info during refresh. "On-the-fly" syntax checking information may be incorrect. [C:\Users\olive\OneDrive\Dokumenter\GitHub\62711-Design-of-digital-systems\project_1\project_1.srcs\sources_1\new\Arith_Circ.vhd:]
WARNING: [filemgmt 56-199] Attempt to get parsing info during refresh. "On-the-fly" syntax checking information may be incorrect. [C:\Users\olive\OneDrive\Dokumenter\GitHub\62711-Design-of-digital-systems\project_1\project_1.srcs\sources_1\new\Arith_Circ.vhd:]
WARNING: [filemgmt 56-199] Attempt to get parsing info during refresh. "On-the-fly" syntax checking information may be incorrect. [C:\Users\olive\OneDrive\Dokumenter\GitHub\62711-Design-of-digital-systems\project_1\project_1.srcs\sources_1\new\Arith_Circ.vhd:]
WARNING: [filemgmt 56-199] Attempt to get parsing info during refresh. "On-the-fly" syntax checking information may be incorrect. [C:\Users\olive\OneDrive\Dokumenter\GitHub\62711-Design-of-digital-systems\project_1\project_1.srcs\sources_1\new\ALU.vhd:]
WARNING: [filemgmt 56-199] Attempt to get parsing info during refresh. "On-the-fly" syntax checking information may be incorrect. [C:\Users\olive\OneDrive\Dokumenter\GitHub\62711-Design-of-digital-systems\project_1\project_1.srcs\sources_1\new\Arith_Circ.vhd:]
WARNING: [filemgmt 56-199] Attempt to get parsing info during refresh. "On-the-fly" syntax checking information may be incorrect. [C:\Users\olive\OneDrive\Dokumenter\GitHub\62711-Design-of-digital-systems\project_1\project_1.srcs\sources_1\new\ALU.vhd:]
WARNING: [filemgmt 56-199] Attempt to get parsing info during refresh. "On-the-fly" syntax checking information may be incorrect. [C:\Users\olive\OneDrive\Dokumenter\GitHub\62711-Design-of-digital-systems\project_1\project_1.srcs\sources_1\new\ALU.vhd:]
WARNING: [filemgmt 56-199] Attempt to get parsing info during refresh. "On-the-fly" syntax checking information may be incorrect. [C:\Users\olive\OneDrive\Dokumenter\GitHub\62711-Design-of-digital-systems\project_1\project_1.srcs\sources_1\new\ALU.vhd:]
WARNING: [filemgmt 56-199] Attempt to get parsing info during refresh. "On-the-fly" syntax checking information may be incorrect. [C:\Users\olive\OneDrive\Dokumenter\GitHub\62711-Design-of-digital-systems\project_1\project_1.srcs\sources_1\new\Arith_Circ.vhd:]
WARNING: [filemgmt 56-199] Attempt to get parsing info during refresh. "On-the-fly" syntax checking information may be incorrect. [C:\Users\olive\OneDrive\Dokumenter\GitHub\62711-Design-of-digital-systems\project_1\project_1.srcs\sources_1\new\ALU.vhd:]
WARNING: [filemgmt 56-199] Attempt to get parsing info during refresh. "On-the-fly" syntax checking information may be incorrect. [C:\Users\olive\OneDrive\Dokumenter\GitHub\62711-Design-of-digital-systems\project_1\project_1.srcs\sources_1\new\ALU.vhd:]
WARNING: [filemgmt 56-199] Attempt to get parsing info during refresh. "On-the-fly" syntax checking information may be incorrect. [C:\Users\olive\OneDrive\Dokumenter\GitHub\62711-Design-of-digital-systems\project_1\project_1.srcs\sources_1\new\ALU.vhd:]
WARNING: [filemgmt 56-199] Attempt to get parsing info during refresh. "On-the-fly" syntax checking information may be incorrect. [C:\Users\olive\OneDrive\Dokumenter\GitHub\62711-Design-of-digital-systems\project_1\project_1.srcs\sources_1\new\Arith_Circ.vhd:]
WARNING: [filemgmt 56-199] Attempt to get parsing info during refresh. "On-the-fly" syntax checking information may be incorrect. [C:\Users\olive\OneDrive\Dokumenter\GitHub\62711-Design-of-digital-systems\project_1\project_1.srcs\sources_1\new\Arith_Circ.vhd:]
WARNING: [filemgmt 56-199] Attempt to get parsing info during refresh. "On-the-fly" syntax checking information may be incorrect. [C:\Users\olive\OneDrive\Dokumenter\GitHub\62711-Design-of-digital-systems\project_1\project_1.srcs\sources_1\new\Arith_Circ.vhd:]
ERROR: [Common 17-180] Spawn failed: Handlingen er gennemført.

WARNING: [filemgmt 56-199] Attempt to get parsing info during refresh. "On-the-fly" syntax checking information may be incorrect. [C:\Users\olive\OneDrive\Dokumenter\GitHub\62711-Design-of-digital-systems\project_1\project_1.srcs\sources_1\new\ALU.vhd:]
WARNING: [filemgmt 56-199] Attempt to get parsing info during refresh. "On-the-fly" syntax checking information may be incorrect. [C:\Users\olive\OneDrive\Dokumenter\GitHub\62711-Design-of-digital-systems\project_1\project_1.srcs\sources_1\new\Arith_Circ.vhd:]
WARNING: [filemgmt 56-199] Attempt to get parsing info during refresh. "On-the-fly" syntax checking information may be incorrect. [C:\Users\olive\OneDrive\Dokumenter\GitHub\62711-Design-of-digital-systems\project_1\project_1.srcs\sources_1\new\Arith_Circ.vhd:]
WARNING: [filemgmt 56-199] Attempt to get parsing info during refresh. "On-the-fly" syntax checking information may be incorrect. [C:\Users\olive\OneDrive\Dokumenter\GitHub\62711-Design-of-digital-systems\project_1\project_1.srcs\sources_1\new\Arith_Circ.vhd:]
ERROR: [Common 17-180] Spawn failed: Handlingen er gennemført.

WARNING: [filemgmt 56-199] Attempt to get parsing info during refresh. "On-the-fly" syntax checking information may be incorrect. [C:\Users\olive\OneDrive\Dokumenter\GitHub\62711-Design-of-digital-systems\project_1\project_1.srcs\sources_1\new\ALU.vhd:]
WARNING: [filemgmt 56-199] Attempt to get parsing info during refresh. "On-the-fly" syntax checking information may be incorrect. [C:\Users\olive\OneDrive\Dokumenter\GitHub\62711-Design-of-digital-systems\project_1\project_1.srcs\sources_1\new\Arith_Circ.vhd:]
WARNING: [filemgmt 56-199] Attempt to get parsing info during refresh. "On-the-fly" syntax checking information may be incorrect. [C:\Users\olive\OneDrive\Dokumenter\GitHub\62711-Design-of-digital-systems\project_1\project_1.srcs\sources_1\new\ALU.vhd:]
WARNING: [filemgmt 56-199] Attempt to get parsing info during refresh. "On-the-fly" syntax checking information may be incorrect. [C:\Users\olive\OneDrive\Dokumenter\GitHub\62711-Design-of-digital-systems\project_1\project_1.srcs\sources_1\new\ALU.vhd:]
WARNING: [filemgmt 56-199] Attempt to get parsing info during refresh. "On-the-fly" syntax checking information may be incorrect. [C:\Users\olive\OneDrive\Dokumenter\GitHub\62711-Design-of-digital-systems\project_1\project_1.srcs\sources_1\new\ALU.vhd:]
WARNING: [filemgmt 56-199] Attempt to get parsing info during refresh. "On-the-fly" syntax checking information may be incorrect. [C:\Users\olive\OneDrive\Dokumenter\GitHub\62711-Design-of-digital-systems\project_1\project_1.srcs\sources_1\new\Arith_Circ.vhd:]
WARNING: [filemgmt 56-199] Attempt to get parsing info during refresh. "On-the-fly" syntax checking information may be incorrect. [C:\Users\olive\OneDrive\Dokumenter\GitHub\62711-Design-of-digital-systems\project_1\project_1.srcs\sources_1\new\Arith_Circ.vhd:]
WARNING: [filemgmt 56-199] Attempt to get parsing info during refresh. "On-the-fly" syntax checking information may be incorrect. [C:\Users\olive\OneDrive\Dokumenter\GitHub\62711-Design-of-digital-systems\project_1\project_1.srcs\sources_1\new\Arith_Circ.vhd:]
WARNING: [filemgmt 56-199] Attempt to get parsing info during refresh. "On-the-fly" syntax checking information may be incorrect. [C:\Users\olive\OneDrive\Dokumenter\GitHub\62711-Design-of-digital-systems\project_1\project_1.srcs\sources_1\new\ALU.vhd:]
WARNING: [filemgmt 56-199] Attempt to get parsing info during refresh. "On-the-fly" syntax checking information may be incorrect. [C:\Users\olive\OneDrive\Dokumenter\GitHub\62711-Design-of-digital-systems\project_1\project_1.srcs\sources_1\new\Arith_Circ.vhd:]
WARNING: [filemgmt 56-199] Attempt to get parsing info during refresh. "On-the-fly" syntax checking information may be incorrect. [C:\Users\olive\OneDrive\Dokumenter\GitHub\62711-Design-of-digital-systems\project_1\project_1.srcs\sources_1\new\ALU.vhd:]
WARNING: [filemgmt 56-199] Attempt to get parsing info during refresh. "On-the-fly" syntax checking information may be incorrect. [C:\Users\olive\OneDrive\Dokumenter\GitHub\62711-Design-of-digital-systems\project_1\project_1.srcs\sources_1\new\ALU.vhd:]
WARNING: [filemgmt 56-199] Attempt to get parsing info during refresh. "On-the-fly" syntax checking information may be incorrect. [C:\Users\olive\OneDrive\Dokumenter\GitHub\62711-Design-of-digital-systems\project_1\project_1.srcs\sources_1\new\ALU.vhd:]
WARNING: [filemgmt 56-199] Attempt to get parsing info during refresh. "On-the-fly" syntax checking information may be incorrect. [C:\Users\olive\OneDrive\Dokumenter\GitHub\62711-Design-of-digital-systems\project_1\project_1.srcs\sources_1\new\Arith_Circ.vhd:]
WARNING: [filemgmt 56-199] Attempt to get parsing info during refresh. "On-the-fly" syntax checking information may be incorrect. [C:\Users\olive\OneDrive\Dokumenter\GitHub\62711-Design-of-digital-systems\project_1\project_1.srcs\sources_1\new\ALU.vhd:]
WARNING: [filemgmt 56-199] Attempt to get parsing info during refresh. "On-the-fly" syntax checking information may be incorrect. [C:\Users\olive\OneDrive\Dokumenter\GitHub\62711-Design-of-digital-systems\project_1\project_1.srcs\sources_1\new\ALU.vhd:]
WARNING: [filemgmt 56-199] Attempt to get parsing info during refresh. "On-the-fly" syntax checking information may be incorrect. [C:\Users\olive\OneDrive\Dokumenter\GitHub\62711-Design-of-digital-systems\project_1\project_1.srcs\sources_1\new\ALU.vhd:]
WARNING: [filemgmt 56-199] Attempt to get parsing info during refresh. "On-the-fly" syntax checking information may be incorrect. [C:\Users\olive\OneDrive\Dokumenter\GitHub\62711-Design-of-digital-systems\project_1\project_1.srcs\sources_1\new\Decoder_2to4_Enable.vhd:]
WARNING: [filemgmt 56-199] Attempt to get parsing info during refresh. "On-the-fly" syntax checking information may be incorrect. [C:\Users\olive\OneDrive\Dokumenter\GitHub\62711-Design-of-digital-systems\project_1\project_1.srcs\sources_1\new\Arith_Circ.vhd:]
WARNING: [filemgmt 56-199] Attempt to get parsing info during refresh. "On-the-fly" syntax checking information may be incorrect. [C:\Users\olive\OneDrive\Dokumenter\GitHub\62711-Design-of-digital-systems\project_1\project_1.srcs\sources_1\new\Decoder_2to4_Enable.vhd:]
WARNING: [filemgmt 56-199] Attempt to get parsing info during refresh. "On-the-fly" syntax checking information may be incorrect. [C:\Users\olive\OneDrive\Dokumenter\GitHub\62711-Design-of-digital-systems\project_1\project_1.srcs\sources_1\new\Decoder_2to4_Enable.vhd:]
WARNING: [filemgmt 56-199] Attempt to get parsing info during refresh. "On-the-fly" syntax checking information may be incorrect. [C:\Users\olive\OneDrive\Dokumenter\GitHub\62711-Design-of-digital-systems\project_1\project_1.srcs\sources_1\new\ALU.vhd:]
WARNING: [filemgmt 56-199] Attempt to get parsing info during refresh. "On-the-fly" syntax checking information may be incorrect. [C:\Users\olive\OneDrive\Dokumenter\GitHub\62711-Design-of-digital-systems\project_1\project_1.srcs\sources_1\new\Decoder_2to4_Enable.vhd:]
WARNING: [filemgmt 56-199] Attempt to get parsing info during refresh. "On-the-fly" syntax checking information may be incorrect. [C:\Users\olive\OneDrive\Dokumenter\GitHub\62711-Design-of-digital-systems\project_1\project_1.srcs\sources_1\new\Arith_Circ.vhd:]
WARNING: [filemgmt 56-199] Attempt to get parsing info during refresh. "On-the-fly" syntax checking information may be incorrect. [C:\Users\olive\OneDrive\Dokumenter\GitHub\62711-Design-of-digital-systems\project_1\project_1.srcs\sources_1\new\ALU.vhd:]
WARNING: [filemgmt 56-199] Attempt to get parsing info during refresh. "On-the-fly" syntax checking information may be incorrect. [C:\Users\olive\OneDrive\Dokumenter\GitHub\62711-Design-of-digital-systems\project_1\project_1.srcs\sources_1\new\ALU.vhd:]
ERROR: [Common 17-180] Spawn failed: Handlingen er gennemført.

reset_run synth_1
launch_runs synth_1 -jobs 8
WARNING: [Vivado 12-7122] Auto Incremental Compile:: No reference checkpoint was found in run synth_1. Auto-incremental flow will not be run, the standard flow will be run instead.
[Tue Feb 24 07:54:39 2026] Launched synth_1...
Run output will be captured here: C:/Users/olive/OneDrive/Dokumenter/GitHub/62711-Design-of-digital-systems/project_1/project_1.runs/synth_1/runme.log
WARNING: [filemgmt 56-199] Attempt to get parsing info during refresh. "On-the-fly" syntax checking information may be incorrect. [C:\Users\olive\OneDrive\Dokumenter\GitHub\62711-Design-of-digital-systems\project_1\project_1.srcs\sources_1\new\ALU.vhd:]
WARNING: [filemgmt 56-199] Attempt to get parsing info during refresh. "On-the-fly" syntax checking information may be incorrect. [C:\Users\olive\OneDrive\Dokumenter\GitHub\62711-Design-of-digital-systems\project_1\project_1.srcs\sources_1\new\Decoder_2to4_Enable.vhd:]
WARNING: [filemgmt 56-199] Attempt to get parsing info during refresh. "On-the-fly" syntax checking information may be incorrect. [C:\Users\olive\OneDrive\Dokumenter\GitHub\62711-Design-of-digital-systems\project_1\project_1.srcs\sources_1\new\Arith_Circ.vhd:]
WARNING: [filemgmt 56-199] Attempt to get parsing info during refresh. "On-the-fly" syntax checking information may be incorrect. [C:\Users\olive\OneDrive\Dokumenter\GitHub\62711-Design-of-digital-systems\project_1\project_1.srcs\sources_1\new\ALU.vhd:]
WARNING: [filemgmt 56-199] Attempt to get parsing info during refresh. "On-the-fly" syntax checking information may be incorrect. [C:\Users\olive\OneDrive\Dokumenter\GitHub\62711-Design-of-digital-systems\project_1\project_1.srcs\sources_1\new\ALU.vhd:]
WARNING: [filemgmt 56-199] Attempt to get parsing info during refresh. "On-the-fly" syntax checking information may be incorrect. [C:\Users\olive\OneDrive\Dokumenter\GitHub\62711-Design-of-digital-systems\project_1\project_1.srcs\sources_1\new\ALU.vhd:]
WARNING: [filemgmt 56-199] Attempt to get parsing info during refresh. "On-the-fly" syntax checking information may be incorrect. [C:\Users\olive\OneDrive\Dokumenter\GitHub\62711-Design-of-digital-systems\project_1\project_1.srcs\sources_1\new\Decoder_2to4_Enable.vhd:]
WARNING: [filemgmt 56-199] Attempt to get parsing info during refresh. "On-the-fly" syntax checking information may be incorrect. [C:\Users\olive\OneDrive\Dokumenter\GitHub\62711-Design-of-digital-systems\project_1\project_1.srcs\sources_1\new\Arith_Circ.vhd:]
WARNING: [filemgmt 56-199] Attempt to get parsing info during refresh. "On-the-fly" syntax checking information may be incorrect. [C:\Users\olive\OneDrive\Dokumenter\GitHub\62711-Design-of-digital-systems\project_1\project_1.srcs\sources_1\new\Decoder_2to4_Enable.vhd:]
WARNING: [filemgmt 56-199] Attempt to get parsing info during refresh. "On-the-fly" syntax checking information may be incorrect. [C:\Users\olive\OneDrive\Dokumenter\GitHub\62711-Design-of-digital-systems\project_1\project_1.srcs\sources_1\new\Decoder_2to4_Enable.vhd:]
ERROR: [Common 17-180] Spawn failed: Handlingen er gennemført.

exit
INFO: [Common 17-206] Exiting Vivado at Tue Feb 24 08:04:00 2026...
